# JRE version: OpenJDK Runtime Environment (8.0_222-b10) (build 1.8.0_222-8u222-b10-1ubuntu1~18.04.1-b10)
# Java VM: OpenJDK 64-Bit Server VM (25.222-b10 mixed mode linux-amd64 compressed oops)
Heap:
 PSYoungGen      total 1070080K, used 0K [0x000000076bb00000, 0x00000007c0000000, 0x00000007c0000000)
  eden space 758784K, 0% used [0x000000076bb00000,0x000000076bb00000,0x000000079a000000)
  from space 311296K, 0% used [0x000000079a000000,0x000000079a000000,0x00000007ad000000)
  to   space 303616K, 0% used [0x00000007ad780000,0x00000007ad780000,0x00000007c0000000)
 ParOldGen       total 2157568K, used 2075029K [0x00000006c3000000, 0x0000000746b00000, 0x000000076bb00000)
  object space 2157568K, 96% used [0x00000006c3000000,0x0000000741a65620,0x0000000746b00000)
 Metaspace       used 67974K, capacity 69706K, committed 69848K, reserved 1110016K
  class space    used 8858K, capacity 9214K, committed 9216K, reserved 1048576K
GC Heap History (10 events):
Event: 113.494 GC heap after
Heap after GC invocations=30 (full 5):
 PSYoungGen      total 1070080K, used 65028K [0x000000076bb00000, 0x00000007c0000000, 0x00000007c0000000)
  eden space 758784K, 0% used [0x000000076bb00000,0x000000076bb00000,0x000000079a000000)
  from space 311296K, 20% used [0x000000079a000000,0x000000079df811f8,0x00000007ad000000)
  to   space 297472K, 0% used [0x00000007add80000,0x00000007add80000,0x00000007c0000000)
 ParOldGen       total 2157568K, used 1146222K [0x00000006c3000000, 0x0000000746b00000, 0x000000076bb00000)
  object space 2157568K, 53% used [0x00000006c3000000,0x0000000708f5b898,0x0000000746b00000)
 Metaspace       used 67968K, capacity 69688K, committed 69848K, reserved 1110016K
  class space    used 8856K, capacity 9211K, committed 9216K, reserved 1048576K
}
Event: 113.927 GC heap before
{Heap before GC invocations=31 (full 5):
 PSYoungGen      total 1070080K, used 823812K [0x000000076bb00000, 0x00000007c0000000, 0x00000007c0000000)
  eden space 758784K, 100% used [0x000000076bb00000,0x000000079a000000,0x000000079a000000)
  from space 311296K, 20% used [0x000000079a000000,0x000000079df811f8,0x00000007ad000000)
  to   space 297472K, 0% used [0x00000007add80000,0x00000007add80000,0x00000007c0000000)
 ParOldGen       total 2157568K, used 1146222K [0x00000006c3000000, 0x0000000746b00000, 0x000000076bb00000)
  object space 2157568K, 53% used [0x00000006c3000000,0x0000000708f5b898,0x0000000746b00000)
 Metaspace       used 67968K, capacity 69688K, committed 69848K, reserved 1110016K
  class space    used 8856K, capacity 9211K, committed 9216K, reserved 1048576K
Event: 113.977 GC heap after
Heap after GC invocations=31 (full 5):
 PSYoungGen      total 1029632K, used 64796K [0x000000076bb00000, 0x00000007bd880000, 0x00000007c0000000)
  eden space 772608K, 0% used [0x000000076bb00000,0x000000076bb00000,0x000000079ad80000)
  from space 257024K, 25% used [0x00000007add80000,0x00000007b1cc7118,0x00000007bd880000)
  to   space 284160K, 0% used [0x000000079ad80000,0x000000079ad80000,0x00000007ac300000)
 ParOldGen       total 2157568K, used 1211882K [0x00000006c3000000, 0x0000000746b00000, 0x000000076bb00000)
  object space 2157568K, 56% used [0x00000006c3000000,0x000000070cf7aa90,0x0000000746b00000)
 Metaspace       used 67968K, capacity 69688K, committed 69848K, reserved 1110016K
  class space    used 8856K, capacity 9211K, committed 9216K, reserved 1048576K
}
Event: 114.550 GC heap before
{Heap before GC invocations=32 (full 5):
 PSYoungGen      total 1029632K, used 837404K [0x000000076bb00000, 0x00000007bd880000, 0x00000007c0000000)
  eden space 772608K, 100% used [0x000000076bb00000,0x000000079ad80000,0x000000079ad80000)
  from space 257024K, 25% used [0x00000007add80000,0x00000007b1cc7118,0x00000007bd880000)
  to   space 284160K, 0% used [0x000000079ad80000,0x000000079ad80000,0x00000007ac300000)
 ParOldGen       total 2157568K, used 1211882K [0x00000006c3000000, 0x0000000746b00000, 0x000000076bb00000)
  object space 2157568K, 56% used [0x00000006c3000000,0x000000070cf7aa90,0x0000000746b00000)
 Metaspace       used 67968K, capacity 69688K, committed 69848K, reserved 1110016K
  class space    used 8856K, capacity 9211K, committed 9216K, reserved 1048576K
Event: 114.617 GC heap after
Heap after GC invocations=32 (full 5):
 PSYoungGen      total 1056768K, used 65502K [0x000000076bb00000, 0x00000007c0000000, 0x00000007c0000000)
  eden space 772608K, 0% used [0x000000076bb00000,0x000000076bb00000,0x000000079ad80000)
  from space 284160K, 23% used [0x000000079ad80000,0x000000079ed77a70,0x00000007ac300000)
  to   space 270848K, 0% used [0x00000007af780000,0x00000007af780000,0x00000007c0000000)
 ParOldGen       total 2157568K, used 1277278K [0x00000006c3000000, 0x0000000746b00000, 0x000000076bb00000)
  object space 2157568K, 59% used [0x00000006c3000000,0x0000000710f57ba8,0x0000000746b00000)
 Metaspace       used 67968K, capacity 69688K, committed 69848K, reserved 1110016K
  class space    used 8856K, capacity 9211K, committed 9216K, reserved 1048576K
}
Event: 116.382 GC heap before
{Heap before GC invocations=33 (full 5):
 PSYoungGen      total 1056768K, used 838110K [0x000000076bb00000, 0x00000007c0000000, 0x00000007c0000000)
  eden space 772608K, 100% used [0x000000076bb00000,0x000000079ad80000,0x000000079ad80000)
  from space 284160K, 23% used [0x000000079ad80000,0x000000079ed77a70,0x00000007ac300000)
  to   space 270848K, 0% used [0x00000007af780000,0x00000007af780000,0x00000007c0000000)
 ParOldGen       total 2157568K, used 1277278K [0x00000006c3000000, 0x0000000746b00000, 0x000000076bb00000)
  object space 2157568K, 59% used [0x00000006c3000000,0x0000000710f57ba8,0x0000000746b00000)
 Metaspace       used 67969K, capacity 69688K, committed 69848K, reserved 1110016K
  class space    used 8856K, capacity 9211K, committed 9216K, reserved 1048576K
Event: 116.511 GC heap after
Heap after GC invocations=33 (full 5):
 PSYoungGen      total 1029632K, used 250512K [0x000000076bb00000, 0x00000007c0000000, 0x00000007c0000000)
  eden space 758784K, 0% used [0x000000076bb00000,0x000000076bb00000,0x000000079a000000)
  from space 270848K, 92% used [0x00000007af780000,0x00000007bec24370,0x00000007c0000000)
  to   space 311296K, 0% used [0x000000079a000000,0x000000079a000000,0x00000007ad000000)
 ParOldGen       total 2157568K, used 1343325K [0x00000006c3000000, 0x0000000746b00000, 0x000000076bb00000)
  object space 2157568K, 62% used [0x00000006c3000000,0x0000000714fd7618,0x0000000746b00000)
 Metaspace       used 67969K, capacity 69688K, committed 69848K, reserved 1110016K
  class space    used 8856K, capacity 9211K, committed 9216K, reserved 1048576K
}
Event: 117.198 GC heap before
{Heap before GC invocations=34 (full 5):
 PSYoungGen      total 1029632K, used 974509K [0x000000076bb00000, 0x00000007c0000000, 0x00000007c0000000)
  eden space 758784K, 95% used [0x000000076bb00000,0x0000000797e07390,0x000000079a000000)
  from space 270848K, 92% used [0x00000007af780000,0x00000007bec24370,0x00000007c0000000)
  to   space 311296K, 0% used [0x000000079a000000,0x000000079a000000,0x00000007ad000000)
 ParOldGen       total 2157568K, used 1343325K [0x00000006c3000000, 0x0000000746b00000, 0x000000076bb00000)
  object space 2157568K, 62% used [0x00000006c3000000,0x0000000714fd7618,0x0000000746b00000)
 Metaspace       used 67974K, capacity 69706K, committed 69848K, reserved 1110016K
  class space    used 8858K, capacity 9214K, committed 9216K, reserved 1048576K
Event: 164.896 GC heap after
Heap after GC invocations=34 (full 5):
 PSYoungGen      total 1070080K, used 144228K [0x000000076bb00000, 0x00000007c0000000, 0x00000007c0000000)
  eden space 758784K, 0% used [0x000000076bb00000,0x000000076bb00000,0x000000079a000000)
  from space 311296K, 46% used [0x000000079a000000,0x00000007a2cd90b0,0x00000007ad000000)
  to   space 303616K, 0% used [0x00000007ad780000,0x00000007ad780000,0x00000007c0000000)
 ParOldGen       total 2157568K, used 1952565K [0x00000006c3000000, 0x0000000746b00000, 0x000000076bb00000)
  object space 2157568K, 90% used [0x00000006c3000000,0x000000073a2cd738,0x0000000746b00000)
 Metaspace       used 67974K, capacity 69706K, committed 69848K, reserved 1110016K
  class space    used 8858K, capacity 9214K, committed 9216K, reserved 1048576K
}
Event: 166.895 GC heap before
{Heap before GC invocations=35 (full 6):
 PSYoungGen      total 1070080K, used 144228K [0x000000076bb00000, 0x00000007c0000000, 0x00000007c0000000)
  eden space 758784K, 0% used [0x000000076bb00000,0x000000076bb00000,0x000000079a000000)
  from space 311296K, 46% used [0x000000079a000000,0x00000007a2cd90b0,0x00000007ad000000)
  to   space 303616K, 0% used [0x00000007ad780000,0x00000007ad780000,0x00000007c0000000)
 ParOldGen       total 2157568K, used 1952565K [0x00000006c3000000, 0x0000000746b00000, 0x000000076bb00000)
  object space 2157568K, 90% used [0x00000006c3000000,0x000000073a2cd738,0x0000000746b00000)
 Metaspace       used 67974K, capacity 69706K, committed 69848K, reserved 1110016K
  class space    used 8858K, capacity 9214K, committed 9216K, reserved 1048576K

